<?xml version="1.0" encoding="UTF-8"?>
<!-- Generated by org.testng.reporters.JUnitXMLReporter -->
<testsuite hostname="amirs-MacBook-Pro.local" name="Surefire test" tests="20" failures="0" timestamp="14 Dec 2017 10:32:31 GMT" time="0.329" errors="0">
  <testcase name="negativSquAdvance on negativSquAdvance(AdvanceTest.AdvanceTest)" time="0.038" classname="AdvanceTest.AdvanceTest"/>
  <testcase name="cosAdvance on cosAdvance(AdvanceTest.AdvanceTest)" time="0.023" classname="AdvanceTest.AdvanceTest"/>
  <testcase name="sinAdvancet on sinAdvancet(AdvanceTest.AdvanceTest)" time="0.014" classname="AdvanceTest.AdvanceTest"/>
  <testcase name="negaticcosAdvance on negaticcosAdvance(AdvanceTest.AdvanceTest)" time="0.011" classname="AdvanceTest.AdvanceTest"/>
  <testcase name="NegativCubAdvance on NegativCubAdvance(AdvanceTest.AdvanceTest)" time="0.01" classname="AdvanceTest.AdvanceTest"/>
  <testcase name="squAdvance on squAdvance(AdvanceTest.AdvanceTest)" time="0.016" classname="AdvanceTest.AdvanceTest"/>
  <testcase name="negativSinAdvancet on negativSinAdvancet(AdvanceTest.AdvanceTest)" time="0.009" classname="AdvanceTest.AdvanceTest"/>
  <testcase name="squrtAdvance on squrtAdvance(AdvanceTest.AdvanceTest)" time="0.008" classname="AdvanceTest.AdvanceTest"/>
  <testcase name="eAdvance on eAdvance(AdvanceTest.AdvanceTest)" time="0.009" classname="AdvanceTest.AdvanceTest"/>
  <testcase name="cubAdvance on cubAdvance(AdvanceTest.AdvanceTest)" time="0.007" classname="AdvanceTest.AdvanceTest"/>
  <testcase name="negativSqurtAdvance on negativSqurtAdvance(AdvanceTest.AdvanceTest)" time="0.007" classname="AdvanceTest.AdvanceTest"/>
  <testcase name="positivAddtionTest on positivAddtionTest(SimpleTest.SimpleTest)" time="0.006" classname="SimpleTest.SimpleTest"/>
  <testcase name="positivMultTest on positivMultTest(SimpleTest.SimpleTest)" time="0.006" classname="SimpleTest.SimpleTest"/>
  <testcase name="negativMultTest on negativMultTest(SimpleTest.SimpleTest)" time="0.005" classname="SimpleTest.SimpleTest"/>
  <testcase name="negativDivTest on negativDivTest(SimpleTest.SimpleTest)" time="0.005" classname="SimpleTest.SimpleTest"/>
  <testcase name="positivSubtratctioTest on positivSubtratctioTest(SimpleTest.SimpleTest)" time="0.006" classname="SimpleTest.SimpleTest"/>
  <testcase name="positivDivTest on positivDivTest(SimpleTest.SimpleTest)" time="0.006" classname="SimpleTest.SimpleTest"/>
  <testcase name="positivDivByZero on positivDivByZero(SimpleTest.SimpleTest)" time="0.0" classname="SimpleTest.SimpleTest"/>
  <testcase name="negativSubtratctioTest on negativSubtratctioTest(SimpleTest.SimpleTest)" time="0.006" classname="SimpleTest.SimpleTest"/>
  <testcase name="negativAddtionTest on negativAddtionTest(SimpleTest.SimpleTest)" time="0.007" classname="SimpleTest.SimpleTest"/>
</testsuite> <!-- Surefire test -->
